76635 37694 340
2499 69288 340
951014 951399 308
18988 45868 324
95681 84591 333
5667 31092 308
12947 97973 351
353119 351066 379
11737 106959 354
44044 75112 340
41769 27566 324
31148 34226 285
35811 93783 351
36337 98077 351
95007 32330 351
64614 93500 351
291899 296632 358
132410 113442 349
85728 28951 351
71008 67092 312
300543 294343 371
115108 119336 349
60688 39945 340
76275 74592 325
76869 55049 335
168117 165001 352
32602 58706 340
124593 132811 344
874 104495 351
844766 845780 401
881950 875097 432
11753 54740 340
43893 102118 351
18642 81974 351
69367 57029 335
12201 86333 351
16710 8203 276
57992 106399 354
76581 60246 335
192226 192837 347
339517 332240 366
53604 94743 351
356615 349587 379
24047 92213 351
4529 109564 354
598660 590874 403
694877 689989 442
67557 42437 340
25857 99875 351
18103 21769 274
561457 561580 271
547177 545568 452
11738 102291 351
435484 435139 250
446878 440475 356
82210 104488 341
114086 122637 349
104273 28514 351
36426 55570 340
6837 91557 351
42692 99495 351
438600 445993 400
44054 63028 340
620639 618344 372
677544 671573 385
9931 112398 354
33475 58265 340
54894 90881 351
21676 47838 324
63059 15758 340
794159 796289 468
794089 795858 331
143867 148933 357
458023 458440 307
62802 86985 351
93941 48778 351
376245 372480 361
349503 341275 441
2471 24423 282
10968 29602 308
43119 60036 340
461529 462978 369
738141 741007 424
34345 24725 311
25565 65399 340
58357 101385 351
14900 17293 271
264217 260338 407
19527 88281 351
6131 71486 340
15543 79322 351
209 105276 351
109486 5176 354
355654 343621 441
784408 784099 300
322812 321483 309
103064 35986 351
275771 272178 358
26826 12241 308
260072 261944 332
260488 262847 332
65456 9594 340
21944 57873 340
